<?xml version="1.0" encoding="UTF-8"?>
<testng-results skipped="0" failed="0" ignored="0" total="2" passed="2">
  <reporter-output>
  </reporter-output>
  <suite name="Default suite" duration-ms="117301" started-at="2020-01-18T10:03:48Z" finished-at="2020-01-18T10:05:45Z">
    <groups>
    </groups>
    <test name="Default test" duration-ms="117301" started-at="2020-01-18T10:03:48Z" finished-at="2020-01-18T10:05:45Z">
      <class name="testprogram.testscripts">
        <test-method status="PASS" signature="bright()[pri:0, instance:testprogram.testscripts@23a2f9]" name="bright" duration-ms="32843" started-at="2020-01-18T10:03:48Z" finished-at="2020-01-18T10:04:21Z">
          <reporter-output>
          </reporter-output>
        </test-method> <!-- bright -->
        <test-method status="PASS" signature="note()[pri:0, instance:testprogram.testscripts@23a2f9]" name="note" duration-ms="84219" started-at="2020-01-18T10:04:21Z" finished-at="2020-01-18T10:05:45Z">
          <reporter-output>
          </reporter-output>
        </test-method> <!-- note -->
      </class> <!-- testprogram.testscripts -->
    </test> <!-- Default test -->
  </suite> <!-- Default suite -->
</testng-results>
